[20/May/2021:12:37:56] (I): WordPress Instance Info:
[20/May/2021:12:37:56] (I): Home URL : https://bdiverse.games
[20/May/2021:12:37:56] (I): Site URL : https://bdiverse.games
[20/May/2021:12:37:56] (I): WordPress Version : 5.7.1
[20/May/2021:12:37:56] (I): Onboarding Version : 1.1.7
[20/May/2021:12:37:56] (I): Multisite : No
[20/May/2021:12:37:56] (I): Server Info : Apache
[20/May/2021:12:37:56] (I): PHP Version : 7.4.16
[20/May/2021:12:37:56] (I): HTTPS : Yes
[20/May/2021:12:37:56] (I): PHP Max Execution Time : 120
[20/May/2021:12:37:56] (I): PHP Max Input Vars : 1000
[20/May/2021:12:37:56] (I): Max Upload Size : 83886080
[20/May/2021:12:37:56] (I): Plugins:
[20/May/2021:12:37:56] (I): [PLUGIN] Query Monitor : v3.6.7 (John Blackbourn)
[20/May/2021:12:37:56] (I): [PLUGIN] Starter Templates : v2.6.2 (Brainstorm Force)
[20/May/2021:12:37:56] (I): [PLUGIN] Draw Attention : v1.9.17 (N Squared)
[20/May/2021:12:37:56] (I): [PLUGIN] Elementor : v3.1.4 (Elementor.com)
[20/May/2021:12:37:56] (I): [PLUGIN] Error Log Monitor : v1.7 (Janis Elsts)
[20/May/2021:12:37:56] (I): [PLUGIN] Essential Addons for Elementor : v4.6.2 (WPDeveloper)
[20/May/2021:12:37:56] (I): [PLUGIN] Forminator : v1.14.10.1 (WPMU DEV)
[20/May/2021:12:37:56] (I): [PLUGIN] HD Quiz : v1.8.3 (Harmonic Design)
[20/May/2021:12:37:56] (I): [PLUGIN] Woody code snippets (PHP snippets | Insert PHP) : v2.4.1 (Creative Motion, Will Bontrager Software, LLC )
[20/May/2021:12:37:56] (I): [PLUGIN] Interact Quiz Embed : v3.0.7 (The Quiz Collective Inc.)
[20/May/2021:12:37:56] (I): [PLUGIN] Master Addons for Elementor : v1.6.2 (Jewel Theme)
[20/May/2021:12:37:56] (I): [PLUGIN] Password Protected : v2.4 (Ben Huson)
[20/May/2021:12:37:56] (I): [PLUGIN] Quiz And Survey Master : v7.1.15 (ExpressTech)
[20/May/2021:12:37:56] (I): [PLUGIN] Show Hooks : v0.1.4 (rafiq91)
[20/May/2021:12:37:56] (I): [PLUGIN] Sticky Menu (or Anything!) on Scroll : v2.31 (WebFactory Ltd)
[20/May/2021:12:37:56] (I): [PLUGIN] Templately : v1.2.1 (Templately)
[20/May/2021:12:37:56] (I): [PLUGIN] Templates Patterns Collection : v1.1.7 (ThemeIsle)
[20/May/2021:12:37:56] (I): [PLUGIN] Orbit Fox Companion : v2.10.4 (Themeisle)
[20/May/2021:12:37:56] (I): [PLUGIN] Timeline Awesome : v1.0.3 (Themes Awesome)
[20/May/2021:12:37:56] (I): [PLUGIN] UpdraftPlus - Backup/Restore : v1.16.53 (UpdraftPlus.Com, DavidAnderson)
[20/May/2021:12:37:56] (I): [PLUGIN] WP Data Access : v4.2.1 (Passionate Programmers)
[20/May/2021:12:37:56] (I): [PLUGIN] WPForms Lite : v1.6.6 (WPForms)
[20/May/2021:12:37:56] (I): [PLUGIN] WPFront Scroll Top : v2.0.4.04013 (Syam Mohan)
